<?xml version="1.0" encoding="UTF-8"?>
<!-- Generated by org.testng.reporters.JUnitXMLReporter -->
<testsuite hostname="DESKTOP-TNE954T" ignored="0" name="Default test" tests="4" failures="0" timestamp="02 Aug 2022 06:46:37 GMT" time="73.684" errors="0">
  <testcase name="tc0" time="20.646" classname="com.base.Implementation"/>
  <testcase name="tc0" time="14.747" classname="com.base.Implementation"/>
  <testcase name="tc0" time="18.703" classname="com.base.Implementation"/>
  <testcase name="tc0" time="18.663" classname="com.base.Implementation"/>
</testsuite> <!-- Default test -->
